<?xml version="1.0" encoding="UTF-8"?>
<!-- Generated by org.testng.reporters.JUnitXMLReporter -->
<testsuite ignored="0" hostname="LOKANATH-SWAMI" failures="0" tests="3" name="Default test" time="16.046" errors="0" timestamp="2022-03-02T01:01:17 IST">
  <testcase classname="testCases.LoginPageTest" name="forgotPasswordValidation" time="4.879"/>
  <testcase classname="testCases.LoginPageTest" name="loginTestValidation" time="4.203"/>
  <testcase classname="testCases.LoginPageTest" name="loginTestValidation" time="4.437"/>
</testsuite> <!-- Default test -->
