<?xml version="1.0" encoding="UTF-8"?>
<!-- Generated by org.testng.reporters.JUnitXMLReporter -->
<testsuite ignored="0" hostname="LOKANATH-SWAMI" failures="0" tests="3" name="Home Page Title Test" time="5.871" errors="0" timestamp="2022-03-04T07:21:50 IST">
  <testcase classname="testCases.HomePageTest" name="centralTitleValidation" time="0.053"/>
  <testcase classname="testCases.HomePageTest" name="headerTextValidation" time="0.039"/>
  <testcase classname="testCases.HomePageTest" name="navBarValidation" time="0.078"/>
</testsuite> <!-- Home Page Title Test -->
