<?xml version="1.0" encoding="UTF-8"?>
<!-- Generated by org.testng.reporters.JUnitXMLReporter -->
<testsuite ignored="0" hostname="LOKANATH-SWAMI" failures="0" tests="3" name="Title Validation on browser Test" time="6.502" errors="0" timestamp="2022-03-01T23:31:56 IST">
  <testcase classname="testCases.TitleValidationTest" name="method1" time="0.051"/>
  <testcase classname="testCases.TitleValidationTest" name="method2" time="0.07"/>
  <testcase classname="testCases.TitleValidationTest" name="method3" time="0.03"/>
</testsuite> <!-- Title Validation on browser Test -->
