<?xml version="1.0" encoding="UTF-8"?>
<!-- Generated by org.testng.reporters.JUnitXMLReporter -->
<testsuite ignored="0" hostname="LOKANATH-SWAMI" failures="0" tests="3" name="User Login page Test" time="11.932" errors="0" timestamp="2022-03-04T07:22:02 IST">
  <testcase classname="testCases.LoginPageTest" name="forgotPasswordValidation" time="3.229"/>
  <testcase classname="testCases.LoginPageTest" name="loginTestValidation" time="3.812"/>
  <testcase classname="testCases.LoginPageTest" name="loginTestValidation" time="3.665"/>
</testsuite> <!-- User Login page Test -->
