<?xml version="1.0" encoding="UTF-8"?>
<!-- Generated by org.testng.reporters.JUnitXMLReporter -->
<testsuite ignored="0" hostname="LOKANATH-SWAMI" failures="0" tests="3" name="Home Page Title Test" time="26.591" errors="0" timestamp="2022-03-02T20:27:44 IST">
  <testcase classname="testCases.HomePageTest" name="centralTitleValidation" time="0.044"/>
  <testcase classname="testCases.HomePageTest" name="headerTextValidation" time="0.031"/>
  <testcase classname="testCases.HomePageTest" name="navBarValidation" time="0.051"/>
</testsuite> <!-- Home Page Title Test -->
