<?xml version="1.0" encoding="UTF-8"?>
<!-- Generated by org.testng.reporters.JUnitXMLReporter -->
<testsuite ignored="0" hostname="LOKANATH-SWAMI" failures="1" tests="1" name="Title Validation on browser Test" time="12.827" errors="0" timestamp="2022-03-01T19:53:01 IST">
  <testcase classname="testCases.TitleValidationTest" name="method1" time="0.045">
    <failure type="java.lang.AssertionError" message="expected [FEATURED COURSES123] but found [FEATURED COURSES]">
      <![CDATA[java.lang.AssertionError: expected [FEATURED COURSES123] but found [FEATURED COURSES]
at testCases.TitleValidationTest.method1(TitleValidationTest.java:41)
at java.base/java.util.ArrayList.forEach(ArrayList.java:1541)
... Removed 36 stack frames]]>
    </failure>
  </testcase> <!-- method1 -->
</testsuite> <!-- Title Validation on browser Test -->
