<?xml version="1.0" encoding="UTF-8"?>
<!-- Generated by org.testng.reporters.JUnitXMLReporter -->
<testsuite ignored="0" hostname="LOKANATH-SWAMI" failures="0" tests="3" name="User Login page Test" time="35.399" errors="0" timestamp="2022-03-02T20:28:19 IST">
  <testcase classname="testCases.LoginPageTest" name="forgotPasswordValidation" time="26.47"/>
  <testcase classname="testCases.LoginPageTest" name="loginTestValidation" time="3.634"/>
  <testcase classname="testCases.LoginPageTest" name="loginTestValidation" time="3.49"/>
</testsuite> <!-- User Login page Test -->
