<?xml version="1.0" encoding="UTF-8"?>
<testsuite xmlns:xsi="http://www.w3.org/2001/XMLSchema-instance" xsi:noNamespaceSchemaLocation="https://maven.apache.org/surefire/maven-surefire-plugin/xsd/surefire-test-report.xsd" name="TestSuite" time="63.99" tests="6" errors="0" skipped="0" failures="0">
  <properties>
[...]
</properties>
  <testcase name="centralTitleValidation" classname="testCases.HomePageTest" time="0.046"/>
  <testcase name="headerTextValidation" classname="testCases.HomePageTest" time="0.029"/>
  <testcase name="navBarValidation" classname="testCases.HomePageTest" time="0.052"/>
  <testcase name="forgotPasswordValidation" classname="testCases.LoginPageTest" time="26.471"/>
  <testcase name="loginTestValidation" classname="testCases.LoginPageTest" time="3.634"/>
  <testcase name="loginTestValidation" classname="testCases.LoginPageTest" time="3.49"/>
</testsuite>