<?xml version="1.0" encoding="UTF-8"?>
<testng-results ignored="0" total="6" passed="6" failed="0" skipped="0">
  <reporter-output>
  </reporter-output>
  <suite started-at="2022-03-02T20:27:17 IST" name="Suite" finished-at="2022-03-02T20:28:19 IST" duration-ms="62422">
    <groups>
    </groups>
    <test started-at="2022-03-02T20:27:17 IST" name="Home Page Title Test" finished-at="2022-03-02T20:27:44 IST" duration-ms="26591">
      <class name="testCases.HomePageTest">
        <test-method is-config="true" signature="initialize()[pri:0, instance:testCases.HomePageTest@f27ea3]" started-at="2022-03-02T20:27:17 IST" name="initialize" finished-at="2022-03-02T20:27:43 IST" duration-ms="25819" status="PASS">
          <reporter-output>
          </reporter-output>
        </test-method> <!-- initialize -->
        <test-method signature="centralTitleValidation()[pri:0, instance:testCases.HomePageTest@f27ea3]" started-at="2022-03-02T20:27:43 IST" name="centralTitleValidation" finished-at="2022-03-02T20:27:43 IST" duration-ms="44" status="PASS">
          <reporter-output>
          </reporter-output>
        </test-method> <!-- centralTitleValidation -->
        <test-method signature="headerTextValidation()[pri:0, instance:testCases.HomePageTest@f27ea3]" started-at="2022-03-02T20:27:43 IST" name="headerTextValidation" finished-at="2022-03-02T20:27:43 IST" duration-ms="31" status="PASS">
          <reporter-output>
          </reporter-output>
        </test-method> <!-- headerTextValidation -->
        <test-method signature="navBarValidation()[pri:0, instance:testCases.HomePageTest@f27ea3]" started-at="2022-03-02T20:27:43 IST" name="navBarValidation" finished-at="2022-03-02T20:27:43 IST" duration-ms="51" status="PASS">
          <reporter-output>
          </reporter-output>
        </test-method> <!-- navBarValidation -->
        <test-method is-config="true" signature="TearDown()[pri:0, instance:testCases.HomePageTest@f27ea3]" started-at="2022-03-02T20:27:43 IST" name="TearDown" finished-at="2022-03-02T20:27:44 IST" duration-ms="607" status="PASS">
          <reporter-output>
          </reporter-output>
        </test-method> <!-- TearDown -->
      </class> <!-- testCases.HomePageTest -->
    </test> <!-- Home Page Title Test -->
    <test started-at="2022-03-02T20:27:44 IST" name="User Login page Test" finished-at="2022-03-02T20:28:19 IST" duration-ms="35399">
      <class name="testCases.LoginPageTest">
        <test-method is-config="true" signature="invokeBrowser()[pri:0, instance:testCases.LoginPageTest@410ae9a3]" started-at="2022-03-02T20:27:44 IST" name="invokeBrowser" finished-at="2022-03-02T20:27:45 IST" duration-ms="1189" status="PASS">
          <reporter-output>
          </reporter-output>
        </test-method> <!-- invokeBrowser -->
        <test-method signature="forgotPasswordValidation()[pri:0, instance:testCases.LoginPageTest@410ae9a3]" started-at="2022-03-02T20:27:45 IST" name="forgotPasswordValidation" finished-at="2022-03-02T20:28:12 IST" duration-ms="26470" status="PASS">
          <reporter-output>
          </reporter-output>
        </test-method> <!-- forgotPasswordValidation -->
        <test-method signature="loginTestValidation(java.lang.String,java.lang.String)[pri:0, instance:testCases.LoginPageTest@410ae9a3]" started-at="2022-03-02T20:28:12 IST" name="loginTestValidation" data-provider="getData" finished-at="2022-03-02T20:28:15 IST" duration-ms="3634" status="PASS">
          <params>
            <param index="0">
              <value>
                <![CDATA[krishna@gmail.com]]>
              </value>
            </param>
            <param index="1">
              <value>
                <![CDATA[real@01]]>
              </value>
            </param>
          </params>
          <reporter-output>
          </reporter-output>
        </test-method> <!-- loginTestValidation -->
        <test-method signature="loginTestValidation(java.lang.String,java.lang.String)[pri:0, instance:testCases.LoginPageTest@410ae9a3]" started-at="2022-03-02T20:28:15 IST" name="loginTestValidation" data-provider="getData" finished-at="2022-03-02T20:28:19 IST" duration-ms="3490" status="PASS">
          <params>
            <param index="0">
              <value>
                <![CDATA[radha@gmail.com]]>
              </value>
            </param>
            <param index="1">
              <value>
                <![CDATA[real@02]]>
              </value>
            </param>
          </params>
          <reporter-output>
          </reporter-output>
        </test-method> <!-- loginTestValidation -->
        <test-method is-config="true" signature="tearDown()[pri:0, instance:testCases.LoginPageTest@410ae9a3]" started-at="2022-03-02T20:28:19 IST" name="tearDown" finished-at="2022-03-02T20:28:19 IST" duration-ms="611" status="PASS">
          <reporter-output>
          </reporter-output>
        </test-method> <!-- tearDown -->
      </class> <!-- testCases.LoginPageTest -->
    </test> <!-- User Login page Test -->
  </suite> <!-- Suite -->
</testng-results>
