<?xml version="1.0" encoding="UTF-8"?>
<testng-results ignored="0" total="6" passed="6" failed="0" skipped="0">
  <reporter-output>
  </reporter-output>
  <suite started-at="2022-03-04T07:21:44 IST" name="Suite" finished-at="2022-03-04T07:22:02 IST" duration-ms="18331">
    <groups>
    </groups>
    <test started-at="2022-03-04T07:21:44 IST" name="Home Page Title Test" finished-at="2022-03-04T07:21:50 IST" duration-ms="5871">
      <class name="testCases.HomePageTest">
        <test-method is-config="true" signature="initialize()[pri:0, instance:testCases.HomePageTest@71c5b236]" started-at="2022-03-04T07:21:44 IST" name="initialize" finished-at="2022-03-04T07:21:49 IST" duration-ms="5357" status="PASS">
          <reporter-output>
          </reporter-output>
        </test-method> <!-- initialize -->
        <test-method signature="centralTitleValidation()[pri:0, instance:testCases.HomePageTest@71c5b236]" started-at="2022-03-04T07:21:49 IST" name="centralTitleValidation" finished-at="2022-03-04T07:21:49 IST" duration-ms="53" status="PASS">
          <reporter-output>
          </reporter-output>
        </test-method> <!-- centralTitleValidation -->
        <test-method signature="headerTextValidation()[pri:0, instance:testCases.HomePageTest@71c5b236]" started-at="2022-03-04T07:21:49 IST" name="headerTextValidation" finished-at="2022-03-04T07:21:49 IST" duration-ms="39" status="PASS">
          <reporter-output>
          </reporter-output>
        </test-method> <!-- headerTextValidation -->
        <test-method signature="navBarValidation()[pri:0, instance:testCases.HomePageTest@71c5b236]" started-at="2022-03-04T07:21:49 IST" name="navBarValidation" finished-at="2022-03-04T07:21:49 IST" duration-ms="78" status="PASS">
          <reporter-output>
          </reporter-output>
        </test-method> <!-- navBarValidation -->
        <test-method is-config="true" signature="TearDown()[pri:0, instance:testCases.HomePageTest@71c5b236]" started-at="2022-03-04T07:21:49 IST" name="TearDown" finished-at="2022-03-04T07:21:50 IST" duration-ms="286" status="PASS">
          <reporter-output>
          </reporter-output>
        </test-method> <!-- TearDown -->
      </class> <!-- testCases.HomePageTest -->
    </test> <!-- Home Page Title Test -->
    <test started-at="2022-03-04T07:21:50 IST" name="User Login page Test" finished-at="2022-03-04T07:22:02 IST" duration-ms="11932">
      <class name="testCases.LoginPageTest">
        <test-method is-config="true" signature="invokeBrowser()[pri:0, instance:testCases.LoginPageTest@49f5c307]" started-at="2022-03-04T07:21:50 IST" name="invokeBrowser" finished-at="2022-03-04T07:21:51 IST" duration-ms="956" status="PASS">
          <reporter-output>
          </reporter-output>
        </test-method> <!-- invokeBrowser -->
        <test-method signature="forgotPasswordValidation()[pri:0, instance:testCases.LoginPageTest@49f5c307]" started-at="2022-03-04T07:21:51 IST" name="forgotPasswordValidation" finished-at="2022-03-04T07:21:54 IST" duration-ms="3229" status="PASS">
          <reporter-output>
          </reporter-output>
        </test-method> <!-- forgotPasswordValidation -->
        <test-method signature="loginTestValidation(java.lang.String,java.lang.String)[pri:0, instance:testCases.LoginPageTest@49f5c307]" started-at="2022-03-04T07:21:54 IST" name="loginTestValidation" data-provider="getData" finished-at="2022-03-04T07:21:58 IST" duration-ms="3812" status="PASS">
          <params>
            <param index="0">
              <value>
                <![CDATA[krishna@gmail.com]]>
              </value>
            </param>
            <param index="1">
              <value>
                <![CDATA[real@01]]>
              </value>
            </param>
          </params>
          <reporter-output>
          </reporter-output>
        </test-method> <!-- loginTestValidation -->
        <test-method signature="loginTestValidation(java.lang.String,java.lang.String)[pri:0, instance:testCases.LoginPageTest@49f5c307]" started-at="2022-03-04T07:21:58 IST" name="loginTestValidation" data-provider="getData" finished-at="2022-03-04T07:22:02 IST" duration-ms="3665" status="PASS">
          <params>
            <param index="0">
              <value>
                <![CDATA[radha@gmail.com]]>
              </value>
            </param>
            <param index="1">
              <value>
                <![CDATA[real@02]]>
              </value>
            </param>
          </params>
          <reporter-output>
          </reporter-output>
        </test-method> <!-- loginTestValidation -->
        <test-method is-config="true" signature="tearDown()[pri:0, instance:testCases.LoginPageTest@49f5c307]" started-at="2022-03-04T07:22:02 IST" name="tearDown" finished-at="2022-03-04T07:22:02 IST" duration-ms="252" status="PASS">
          <reporter-output>
          </reporter-output>
        </test-method> <!-- tearDown -->
      </class> <!-- testCases.LoginPageTest -->
    </test> <!-- User Login page Test -->
  </suite> <!-- Suite -->
</testng-results>
